#
# There is insufficient memory for the Java Runtime Environment to continue.
# Native memory allocation (malloc) failed to allocate 32744 bytes for ChunkPool::allocate
# Possible reasons:
#   The system is out of physical RAM or swap space
#   The process is running with CompressedOops enabled, and the Java Heap may be blocking the growth of the native heap
# Possible solutions:
#   Reduce memory load on the system
#   Increase physical memory or swap space
#   Check if swap backing store is full
#   Decrease Java heap size (-Xmx/-Xms)
#   Decrease number of Java threads
#   Decrease Java thread stack sizes (-Xss)
#   Set larger code cache with -XX:ReservedCodeCacheSize=
#   JVM is running with Zero Based Compressed Oops mode in which the Java heap is
#     placed in the first 32GB address space. The Java Heap base address is the
#     maximum limit for the native heap growth. Please use -XX:HeapBaseMinAddress
#     to set the Java Heap base and to place the Java Heap above 32GB virtual address.
# This output file may be truncated or incomplete.
#
#  Out of Memory Error (allocation.cpp:272), pid=61596, tid=0x00000000000026ac
#
# JRE version: Java(TM) SE Runtime Environment (8.0_291-b10) (build 1.8.0_291-b10)
# Java VM: Java HotSpot(TM) 64-Bit Server VM (25.291-b10 mixed mode windows-amd64 compressed oops)
# Failed to write core dump. Minidumps are not enabled by default on client versions of Windows
#

---------------  T H R E A D  ---------------

Current thread (0x000001f87c19b000):  JavaThread "C2 CompilerThread1" daemon [_thread_in_native, id=9900, stack(0x0000002200300000,0x0000002200400000)]

Stack: [0x0000002200300000,0x0000002200400000]
Native frames: (J=compiled Java code, j=interpreted, Vv=VM code, C=native code)
V  [jvm.dll+0x32ea19]


Current CompileTask:
C2:   1450 2159   !   4       java.net.URLClassLoader$1::run (63 bytes)


---------------  P R O C E S S  ---------------

Java Threads: ( => current thread )
  0x000001f87d6b8000 JavaThread "surefire-forkedjvm-ping-30s" daemon [_thread_blocked, id=9032, stack(0x0000002200900000,0x0000002200a00000)]
  0x000001f87d653000 JavaThread "surefire-forkedjvm-command-thread" daemon [_thread_in_native, id=58940, stack(0x0000002200800000,0x0000002200900000)]
  0x000001f87d568800 JavaThread "Service Thread" daemon [_thread_blocked, id=64812, stack(0x0000002200600000,0x0000002200700000)]
  0x000001f87c1a5000 JavaThread "C1 CompilerThread3" daemon [_thread_blocked, id=47632, stack(0x0000002200500000,0x0000002200600000)]
  0x000001f87c1a4000 JavaThread "C2 CompilerThread2" daemon [_thread_in_native, id=65276, stack(0x0000002200400000,0x0000002200500000)]
=>0x000001f87c19b000 JavaThread "C2 CompilerThread1" daemon [_thread_in_native, id=9900, stack(0x0000002200300000,0x0000002200400000)]
  0x000001f87c197000 JavaThread "C2 CompilerThread0" daemon [_thread_in_native, id=62144, stack(0x0000002200200000,0x0000002200300000)]
  0x000001f87c194000 JavaThread "Attach Listener" daemon [_thread_blocked, id=65392, stack(0x0000002200100000,0x0000002200200000)]
  0x000001f87c192800 JavaThread "Signal Dispatcher" daemon [_thread_blocked, id=9576, stack(0x0000002200000000,0x0000002200100000)]
  0x000001f87b57d800 JavaThread "Finalizer" daemon [_thread_blocked, id=64256, stack(0x000000227ff00000,0x0000002280000000)]
  0x000001f87c16a000 JavaThread "Reference Handler" daemon [_thread_blocked, id=58484, stack(0x000000227fe00000,0x000000227ff00000)]
  0x000001f860d21800 JavaThread "main" [_thread_in_vm, id=65368, stack(0x000000227f400000,0x000000227f500000)]

Other Threads:
  0x000001f87c144800 VMThread [stack: 0x000000227fd00000,0x000000227fe00000] [id=64292]
  0x000001f87d588800 WatcherThread [stack: 0x0000002200700000,0x0000002200800000] [id=65408]

VM state:not at safepoint (normal execution)

VM Mutex/Monitor currently owned by a thread: None

heap address: 0x00000006c4c00000, size: 4020 MB, Compressed Oops mode: Zero based, Oop shift amount: 3
Narrow klass base: 0x0000000000000000, Narrow klass shift: 3
Compressed class space size: 1073741824 Address: 0x00000007c0000000

Heap:
 PSYoungGen      total 75264K, used 54380K [0x000000076c400000, 0x0000000773400000, 0x00000007c0000000)
  eden space 64512K, 78% used [0x000000076c400000,0x000000076f5666f8,0x0000000770300000)
  from space 10752K, 35% used [0x0000000770300000,0x00000007706b4c88,0x0000000770d80000)
  to   space 10752K, 0% used [0x0000000772980000,0x0000000772980000,0x0000000773400000)
 ParOldGen       total 112128K, used 9813K [0x00000006c4c00000, 0x00000006cb980000, 0x000000076c400000)
  object space 112128K, 8% used [0x00000006c4c00000,0x00000006c5595628,0x00000006cb980000)
 Metaspace       used 25226K, capacity 26996K, committed 27312K, reserved 1073152K
  class space    used 3303K, capacity 3650K, committed 3760K, reserved 1048576K

Card table byte_map: [0x000001f871990000,0x000001f872170000] byte_map_base: 0x000001f86e36a000

Marking Bits: (ParMarkBitMap*) 0x000000006b5a7fe0
 Begin Bits: [0x000001f8726b0000, 0x000001f876580000)
 End Bits:   [0x000001f876580000, 0x000001f87a450000)

Polling page: 0x000001f860f80000

CodeCache: size=245760Kb used=7816Kb max_used=7816Kb free=237943Kb
 bounds [0x000001f8625d0000, 0x000001f862d80000, 0x000001f8715d0000]
 total_blobs=2700 nmethods=2325 adapters=287
 compilation: enabled

Compilation events (10 events):
Event: 1.440 Thread 0x000001f87c1a5000 2325       3       sun.misc.ProxyGenerator::code_ipush (90 bytes)
Event: 1.440 Thread 0x000001f87c1a5000 nmethod 2325 0x000001f862d71e90 code [0x000001f862d720e0, 0x000001f862d73170]
Event: 1.441 Thread 0x000001f87c1a5000 2326       3       org.springframework.core.annotation.AttributeMethods::assertAnnotation (22 bytes)
Event: 1.441 Thread 0x000001f87c1a5000 nmethod 2326 0x000001f862d6da90 code [0x000001f862d6dc60, 0x000001f862d6e2b0]
Event: 1.443 Thread 0x000001f87c1a5000 2327       3       java.lang.reflect.Proxy$KeyFactory::apply (66 bytes)
Event: 1.443 Thread 0x000001f87c1a5000 nmethod 2327 0x000001f862d73750 code [0x000001f862d73980, 0x000001f862d74430]
Event: 1.447 Thread 0x000001f87c1a5000 2328       3       java.util.regex.Matcher::group (112 bytes)
Event: 1.448 Thread 0x000001f87c1a5000 nmethod 2328 0x000001f862d74a90 code [0x000001f862d74cc0, 0x000001f862d75a50]
Event: 1.448 Thread 0x000001f87c1a5000 2329       3       java.util.regex.Matcher::groupCount (10 bytes)
Event: 1.448 Thread 0x000001f87c1a5000 nmethod 2329 0x000001f862d76010 code [0x000001f862d76160, 0x000001f862d762d8]

GC Heap History (8 events):
Event: 0.663 GC heap before
{Heap before GC invocations=1 (full 0):
 PSYoungGen      total 75264K, used 64512K [0x000000076c400000, 0x0000000771800000, 0x00000007c0000000)
  eden space 64512K, 100% used [0x000000076c400000,0x0000000770300000,0x0000000770300000)
  from space 10752K, 0% used [0x0000000770d80000,0x0000000770d80000,0x0000000771800000)
  to   space 10752K, 0% used [0x0000000770300000,0x0000000770300000,0x0000000770d80000)
 ParOldGen       total 172032K, used 0K [0x00000006c4c00000, 0x00000006cf400000, 0x000000076c400000)
  object space 172032K, 0% used [0x00000006c4c00000,0x00000006c4c00000,0x00000006cf400000)
 Metaspace       used 12864K, capacity 13772K, committed 13952K, reserved 1060864K
  class space    used 1633K, capacity 1842K, committed 1920K, reserved 1048576K
Event: 0.669 GC heap after
Heap after GC invocations=1 (full 0):
 PSYoungGen      total 75264K, used 7639K [0x000000076c400000, 0x0000000771800000, 0x00000007c0000000)
  eden space 64512K, 0% used [0x000000076c400000,0x000000076c400000,0x0000000770300000)
  from space 10752K, 71% used [0x0000000770300000,0x0000000770a75c00,0x0000000770d80000)
  to   space 10752K, 0% used [0x0000000770d80000,0x0000000770d80000,0x0000000771800000)
 ParOldGen       total 172032K, used 24K [0x00000006c4c00000, 0x00000006cf400000, 0x000000076c400000)
  object space 172032K, 0% used [0x00000006c4c00000,0x00000006c4c06000,0x00000006cf400000)
 Metaspace       used 12864K, capacity 13772K, committed 13952K, reserved 1060864K
  class space    used 1633K, capacity 1842K, committed 1920K, reserved 1048576K
}
Event: 1.003 GC heap before
{Heap before GC invocations=2 (full 0):
 PSYoungGen      total 75264K, used 69510K [0x000000076c400000, 0x0000000771800000, 0x00000007c0000000)
  eden space 64512K, 95% used [0x000000076c400000,0x000000077006bed0,0x0000000770300000)
  from space 10752K, 71% used [0x0000000770300000,0x0000000770a75c00,0x0000000770d80000)
  to   space 10752K, 0% used [0x0000000770d80000,0x0000000770d80000,0x0000000771800000)
 ParOldGen       total 172032K, used 24K [0x00000006c4c00000, 0x00000006cf400000, 0x000000076c400000)
  object space 172032K, 0% used [0x00000006c4c00000,0x00000006c4c06000,0x00000006cf400000)
 Metaspace       used 19871K, capacity 21222K, committed 21296K, reserved 1067008K
  class space    used 2545K, capacity 2839K, committed 2864K, reserved 1048576K
Event: 1.010 GC heap after
Heap after GC invocations=2 (full 0):
 PSYoungGen      total 75264K, used 10208K [0x000000076c400000, 0x0000000771800000, 0x00000007c0000000)
  eden space 64512K, 0% used [0x000000076c400000,0x000000076c400000,0x0000000770300000)
  from space 10752K, 94% used [0x0000000770d80000,0x00000007717780e0,0x0000000771800000)
  to   space 10752K, 0% used [0x0000000770300000,0x0000000770300000,0x0000000770d80000)
 ParOldGen       total 172032K, used 32K [0x00000006c4c00000, 0x00000006cf400000, 0x000000076c400000)
  object space 172032K, 0% used [0x00000006c4c00000,0x00000006c4c08000,0x00000006cf400000)
 Metaspace       used 19871K, capacity 21222K, committed 21296K, reserved 1067008K
  class space    used 2545K, capacity 2839K, committed 2864K, reserved 1048576K
}
Event: 1.010 GC heap before
{Heap before GC invocations=3 (full 1):
 PSYoungGen      total 75264K, used 10208K [0x000000076c400000, 0x0000000771800000, 0x00000007c0000000)
  eden space 64512K, 0% used [0x000000076c400000,0x000000076c400000,0x0000000770300000)
  from space 10752K, 94% used [0x0000000770d80000,0x00000007717780e0,0x0000000771800000)
  to   space 10752K, 0% used [0x0000000770300000,0x0000000770300000,0x0000000770d80000)
 ParOldGen       total 172032K, used 32K [0x00000006c4c00000, 0x00000006cf400000, 0x000000076c400000)
  object space 172032K, 0% used [0x00000006c4c00000,0x00000006c4c08000,0x00000006cf400000)
 Metaspace       used 19871K, capacity 21222K, committed 21296K, reserved 1067008K
  class space    used 2545K, capacity 2839K, committed 2864K, reserved 1048576K
Event: 1.029 GC heap after
Heap after GC invocations=3 (full 1):
 PSYoungGen      total 75264K, used 0K [0x000000076c400000, 0x0000000771800000, 0x00000007c0000000)
  eden space 64512K, 0% used [0x000000076c400000,0x000000076c400000,0x0000000770300000)
  from space 10752K, 0% used [0x0000000770d80000,0x0000000770d80000,0x0000000771800000)
  to   space 10752K, 0% used [0x0000000770300000,0x0000000770300000,0x0000000770d80000)
 ParOldGen       total 112128K, used 9805K [0x00000006c4c00000, 0x00000006cb980000, 0x000000076c400000)
  object space 112128K, 8% used [0x00000006c4c00000,0x00000006c5593628,0x00000006cb980000)
 Metaspace       used 19871K, capacity 21222K, committed 21296K, reserved 1067008K
  class space    used 2545K, capacity 2839K, committed 2864K, reserved 1048576K
}
Event: 1.118 GC heap before
{Heap before GC invocations=4 (full 1):
 PSYoungGen      total 75264K, used 64512K [0x000000076c400000, 0x0000000771800000, 0x00000007c0000000)
  eden space 64512K, 100% used [0x000000076c400000,0x0000000770300000,0x0000000770300000)
  from space 10752K, 0% used [0x0000000770d80000,0x0000000770d80000,0x0000000771800000)
  to   space 10752K, 0% used [0x0000000770300000,0x0000000770300000,0x0000000770d80000)
 ParOldGen       total 112128K, used 9805K [0x00000006c4c00000, 0x00000006cb980000, 0x000000076c400000)
  object space 112128K, 8% used [0x00000006c4c00000,0x00000006c5593628,0x00000006cb980000)
 Metaspace       used 22381K, capacity 23888K, committed 23984K, reserved 1071104K
  class space    used 2927K, capacity 3246K, committed 3248K, reserved 1048576K
Event: 1.120 GC heap after
Heap after GC invocations=4 (full 1):
 PSYoungGen      total 75264K, used 3795K [0x000000076c400000, 0x0000000773400000, 0x00000007c0000000)
  eden space 64512K, 0% used [0x000000076c400000,0x000000076c400000,0x0000000770300000)
  from space 10752K, 35% used [0x0000000770300000,0x00000007706b4c88,0x0000000770d80000)
  to   space 10752K, 0% used [0x0000000772980000,0x0000000772980000,0x0000000773400000)
 ParOldGen       total 112128K, used 9813K [0x00000006c4c00000, 0x00000006cb980000, 0x000000076c400000)
  object space 112128K, 8% used [0x00000006c4c00000,0x00000006c5595628,0x00000006cb980000)
 Metaspace       used 22381K, capacity 23888K, committed 23984K, reserved 1071104K
  class space    used 2927K, capacity 3246K, committed 3248K, reserved 1048576K
}

Deoptimization events (10 events):
Event: 1.199 Thread 0x000001f860d21800 Uncommon trap: reason=unstable_if action=reinterpret pc=0x000001f862b0f760 method=org.springframework.boot.context.properties.source.ConfigurationPropertyName$ElementsParser.add(IILorg/springframework/boot/context/properties/source/ConfigurationPropertyNa
Event: 1.214 Thread 0x000001f860d21800 Uncommon trap: reason=predicate action=maybe_recompile pc=0x000001f862c028d4 method=java.util.AbstractCollection.toArray([Ljava/lang/Object;)[Ljava/lang/Object; @ 49
Event: 1.218 Thread 0x000001f860d21800 Uncommon trap: reason=bimorphic action=maybe_recompile pc=0x000001f8629d1ec0 method=java.util.HashMap.putVal(ILjava/lang/Object;Ljava/lang/Object;ZZ)Ljava/lang/Object; @ 203
Event: 1.218 Thread 0x000001f860d21800 Uncommon trap: reason=bimorphic action=maybe_recompile pc=0x000001f8629d1ec0 method=java.util.HashMap.putVal(ILjava/lang/Object;Ljava/lang/Object;ZZ)Ljava/lang/Object; @ 203
Event: 1.240 Thread 0x000001f860d21800 Uncommon trap: reason=array_check action=maybe_recompile pc=0x000001f862c572c8 method=java.util.AbstractCollection.toArray([Ljava/lang/Object;)[Ljava/lang/Object; @ 119
Event: 1.240 Thread 0x000001f860d21800 Uncommon trap: reason=array_check action=maybe_recompile pc=0x000001f862c572c8 method=java.util.AbstractCollection.toArray([Ljava/lang/Object;)[Ljava/lang/Object; @ 119
Event: 1.242 Thread 0x000001f860d21800 Uncommon trap: reason=array_check action=maybe_recompile pc=0x000001f862c572c8 method=java.util.AbstractCollection.toArray([Ljava/lang/Object;)[Ljava/lang/Object; @ 119
Event: 1.245 Thread 0x000001f860d21800 Uncommon trap: reason=array_check action=maybe_recompile pc=0x000001f862c572c8 method=java.util.AbstractCollection.toArray([Ljava/lang/Object;)[Ljava/lang/Object; @ 119
Event: 1.294 Thread 0x000001f860d21800 Uncommon trap: reason=unstable_if action=reinterpret pc=0x000001f862c9ffbc method=org.springframework.core.annotation.MergedAnnotationsCollection.isMappingForType(Lorg/springframework/core/annotation/AnnotationTypeMapping;Ljava/lang/Object;)Z @ 13
Event: 1.358 Thread 0x000001f860d21800 Uncommon trap: reason=unstable_if action=reinterpret pc=0x000001f862af2f80 method=java.util.Arrays.equals([Ljava/lang/Object;[Ljava/lang/Object;)Z @ 65

Classes redefined (0 events):
No events

Internal exceptions (10 events):
Event: 1.057 Thread 0x000001f860d21800 Exception <a 'java/lang/ClassNotFoundException': org/springframework/beans/factory/AwareCustomizer> (0x000000076cdcd558) thrown at [C:\jenkins\workspace\8-2-build-windows-amd64-cygwin\jdk8u291\1294\hotspot\src\share\vm\classfile\systemDictionary.cpp, line
Event: 1.057 Thread 0x000001f860d21800 Exception <a 'java/lang/ClassNotFoundException': org/springframework/beans/factory/BeanClassLoaderAwareCustomizer> (0x000000076cde9ea8) thrown at [C:\jenkins\workspace\8-2-build-windows-amd64-cygwin\jdk8u291\1294\hotspot\src\share\vm\classfile\systemDicti
Event: 1.057 Thread 0x000001f860d21800 Exception <a 'java/lang/ClassNotFoundException': org/springframework/beans/factory/AwareCustomizer> (0x000000076ce02cd0) thrown at [C:\jenkins\workspace\8-2-build-windows-amd64-cygwin\jdk8u291\1294\hotspot\src\share\vm\classfile\systemDictionary.cpp, line
Event: 1.057 Thread 0x000001f860d21800 Exception <a 'java/lang/ClassNotFoundException': org/springframework/context/EnvironmentAwareCustomizer> (0x000000076ce1c2a8) thrown at [C:\jenkins\workspace\8-2-build-windows-amd64-cygwin\jdk8u291\1294\hotspot\src\share\vm\classfile\systemDictionary.cpp,
Event: 1.058 Thread 0x000001f860d21800 Exception <a 'java/lang/ClassNotFoundException': org/springframework/beans/factory/AwareCustomizer> (0x000000076ce8ffa8) thrown at [C:\jenkins\workspace\8-2-build-windows-amd64-cygwin\jdk8u291\1294\hotspot\src\share\vm\classfile\systemDictionary.cpp, line
Event: 1.085 Thread 0x000001f87e568800 Exception <a 'java/lang/IncompatibleClassChangeError': Found class java.lang.Object, but interface was expected> (0x000000076fad8b88) thrown at [C:\jenkins\workspace\8-2-build-windows-amd64-cygwin\jdk8u291\1294\hotspot\src\share\vm\interpreter\linkResolve
Event: 1.135 Thread 0x000001f860d21800 Exception <a 'java/lang/IncompatibleClassChangeError': Found class java.lang.Object, but interface was expected> (0x000000076c830e88) thrown at [C:\jenkins\workspace\8-2-build-windows-amd64-cygwin\jdk8u291\1294\hotspot\src\share\vm\interpreter\linkResolve
Event: 1.154 Thread 0x000001f860d21800 Exception <a 'java/lang/NoSuchMethodError': java.lang.Object.lambda$getAllAnnotationAttributes$0(Lorg/springframework/util/MultiValueMap;)Lorg/springframework/util/MultiValueMap;> (0x000000076ca6f270) thrown at [C:\jenkins\workspace\8-2-build-windows-amd6
Event: 1.154 Thread 0x000001f860d21800 Exception <a 'java/lang/NoSuchMethodError': java.lang.Object.lambda$identity$2(Ljava/lang/Object;)Ljava/lang/Object;> (0x000000076ca72cf0) thrown at [C:\jenkins\workspace\8-2-build-windows-amd64-cygwin\jdk8u291\1294\hotspot\src\share\vm\interpreter\linkRe
Event: 1.216 Thread 0x000001f860d21800 Exception <a 'java/io/FileNotFoundException'> (0x000000076d537c90) thrown at [C:\jenkins\workspace\8-2-build-windows-amd64-cygwin\jdk8u291\1294\hotspot\src\share\vm\prims\jni.cpp, line 710]

Events (10 events):
Event: 1.446 loading class org/springframework/data/repository/config/RepositoryConfiguration
Event: 1.446 loading class org/springframework/data/repository/config/RepositoryConfiguration done
Event: 1.446 loading class org/springframework/data/jpa/repository/config/InspectionClassLoader
Event: 1.446 loading class org/springframework/data/jpa/repository/config/InspectionClassLoader done
Event: 1.446 loading class org/springframework/instrument/classloading/ShadowingClassLoader
Event: 1.446 loading class org/springframework/instrument/classloading/ShadowingClassLoader done
Event: 1.448 loading class org/springframework/beans/factory/support/AbstractBeanDefinition
Event: 1.448 loading class org/springframework/beans/factory/support/AbstractBeanDefinition done
Event: 1.448 loading class org/springframework/beans/factory/support/AbstractBeanDefinition
Event: 1.448 loading class org/springframework/beans/factory/support/AbstractBeanDefinition done


Dynamic libraries:
0x00007ff7c1eb0000 - 0x00007ff7c1ef7000 	C:\Program Files\Java\jdk1.8.0_291\jre\bin\java.exe
0x00007fffce9b0000 - 0x00007fffceba6000 	C:\Windows\SYSTEM32\ntdll.dll
0x00007fffce2a0000 - 0x00007fffce35d000 	C:\Windows\System32\KERNEL32.DLL
0x00007fffcc740000 - 0x00007fffcca09000 	C:\Windows\System32\KERNELBASE.dll
0x00007fffccf70000 - 0x00007fffcd01c000 	C:\Windows\System32\ADVAPI32.dll
0x00007fffccb60000 - 0x00007fffccbfe000 	C:\Windows\System32\msvcrt.dll
0x00007fffcd020000 - 0x00007fffcd0bc000 	C:\Windows\System32\sechost.dll
0x00007fffce170000 - 0x00007fffce29b000 	C:\Windows\System32\RPCRT4.dll
0x00007fffccdd0000 - 0x00007fffccf70000 	C:\Windows\System32\USER32.dll
0x00007fffcc4a0000 - 0x00007fffcc4c2000 	C:\Windows\System32\win32u.dll
0x00007fffccda0000 - 0x00007fffccdca000 	C:\Windows\System32\GDI32.dll
0x00007fffcc580000 - 0x00007fffcc689000 	C:\Windows\System32\gdi32full.dll
0x00007fffcc300000 - 0x00007fffcc39d000 	C:\Windows\System32\msvcp_win.dll
0x00007fffcc3a0000 - 0x00007fffcc4a0000 	C:\Windows\System32\ucrtbase.dll
0x00007fffba2f0000 - 0x00007fffba58b000 	C:\Windows\WinSxS\amd64_microsoft.windows.common-controls_6595b64144ccf1df_6.0.19041.488_none_ca04af081b815d21\COMCTL32.dll
0x00007fffcca10000 - 0x00007fffcca40000 	C:\Windows\System32\IMM32.DLL
0x00007fffc56b0000 - 0x00007fffc56c5000 	C:\Program Files\Java\jdk1.8.0_291\jre\bin\vcruntime140.dll
0x00007fffadc80000 - 0x00007fffadd1b000 	C:\Program Files\Java\jdk1.8.0_291\jre\bin\msvcp140.dll
0x000000006adc0000 - 0x000000006b620000 	C:\Program Files\Java\jdk1.8.0_291\jre\bin\server\jvm.dll
0x00007fffce160000 - 0x00007fffce168000 	C:\Windows\System32\PSAPI.DLL
0x00007fff97580000 - 0x00007fff97589000 	C:\Windows\SYSTEM32\WSOCK32.dll
0x00007fffbde00000 - 0x00007fffbde0a000 	C:\Windows\SYSTEM32\VERSION.dll
0x00007fffb5aa0000 - 0x00007fffb5ac7000 	C:\Windows\SYSTEM32\WINMM.dll
0x00007fffcd890000 - 0x00007fffcd8fb000 	C:\Windows\System32\WS2_32.dll
0x00007fffca9d0000 - 0x00007fffca9e2000 	C:\Windows\SYSTEM32\kernel.appcore.dll
0x00007fffc56a0000 - 0x00007fffc56b0000 	C:\Program Files\Java\jdk1.8.0_291\jre\bin\verify.dll
0x00007fffb1a80000 - 0x00007fffb1aab000 	C:\Program Files\Java\jdk1.8.0_291\jre\bin\java.dll
0x00007fffae250000 - 0x00007fffae268000 	C:\Program Files\Java\jdk1.8.0_291\jre\bin\zip.dll
0x00007fffcda10000 - 0x00007fffce152000 	C:\Windows\System32\SHELL32.dll
0x00007fffca220000 - 0x00007fffca9b5000 	C:\Windows\SYSTEM32\windows.storage.dll
0x00007fffcd3c0000 - 0x00007fffcd716000 	C:\Windows\System32\combase.dll
0x00007fffcbb60000 - 0x00007fffcbb8c000 	C:\Windows\SYSTEM32\Wldp.dll
0x00007fffce360000 - 0x00007fffce40e000 	C:\Windows\System32\SHCORE.dll
0x00007fffccc00000 - 0x00007fffccc55000 	C:\Windows\System32\shlwapi.dll
0x00007fffcc020000 - 0x00007fffcc046000 	C:\Windows\SYSTEM32\profapi.dll
0x00007fffb9c20000 - 0x00007fffb9c2d000 	C:\Program Files\Java\jdk1.8.0_291\jre\bin\management.dll
0x00007fffae230000 - 0x00007fffae24c000 	C:\Program Files\Java\jdk1.8.0_291\jre\bin\net.dll
0x00007fffcb870000 - 0x00007fffcb8da000 	C:\Windows\system32\mswsock.dll
0x00007fffae000000 - 0x00007fffae013000 	C:\Program Files\Java\jdk1.8.0_291\jre\bin\nio.dll
0x00007fff90bc0000 - 0x00007fff90bd7000 	C:\Windows\system32\napinsp.dll
0x00007fff90b40000 - 0x00007fff90b5b000 	C:\Windows\system32\pnrpnsp.dll
0x00007fffb0db0000 - 0x00007fffb0dc5000 	C:\Windows\system32\wshbth.dll
0x00007fffc76e0000 - 0x00007fffc76fd000 	C:\Windows\system32\NLAapi.dll
0x00007fffcb560000 - 0x00007fffcb59b000 	C:\Windows\SYSTEM32\IPHLPAPI.DLL
0x00007fffcb5a0000 - 0x00007fffcb66b000 	C:\Windows\SYSTEM32\DNSAPI.dll
0x00007fffcd800000 - 0x00007fffcd808000 	C:\Windows\System32\NSI.dll
0x00007fff90af0000 - 0x00007fff90b02000 	C:\Windows\System32\winrnr.dll
0x00007fffc37a0000 - 0x00007fffc37aa000 	C:\Windows\System32\rasadhlp.dll
0x00007fffc1d70000 - 0x00007fffc1def000 	C:\Windows\System32\fwpuclnt.dll
0x00007fffcc690000 - 0x00007fffcc6b7000 	C:\Windows\System32\bcrypt.dll

VM Arguments:
java_command: C:\Users\jonwa\AppData\Local\Temp\surefire4178867682242673161\surefirebooter1958945828469286230.jar C:\Users\jonwa\AppData\Local\Temp\surefire4178867682242673161 2023-02-11T20-50-36_311-jvmRun1 surefire338721793723937126tmp surefire_06448517305639453438tmp
java_class_path (initial): C:\Users\jonwa\AppData\Local\Temp\surefire4178867682242673161\surefirebooter1958945828469286230.jar
Launcher Type: SUN_STANDARD

Environment Variables:
JAVA_HOME=C:\Program Files\Java\jdk1.8.0_291
JRE_HOME=C:\Program Files\Java\jre1.8.0_291
PATH=E:/softwares/Apps/sts-4.12.0.RELEASE//plugins/org.eclipse.justj.openjdk.hotspot.jre.full.win32.x86_64_16.0.2.v20210721-1149/jre/bin/server;E:/softwares/Apps/sts-4.12.0.RELEASE//plugins/org.eclipse.justj.openjdk.hotspot.jre.full.win32.x86_64_16.0.2.v20210721-1149/jre/bin;C:\Program Files (x86)\Common Files\Oracle\Java\javapath;C:\Windows\system32;C:\Windows;C:\Windows\System32\Wbem;C:\Windows\System32\WindowsPowerShell\v1.0\;C:\Windows\System32\OpenSSH\;C:\Program Files\Git\cmd;C:\Program Files\nodejs\;C:\Program Files\Java\jdk1.8.0_291\bin;C:\Program Files\apache-maven-3.8.1-bin\apache-maven-3.8.1\bin;C:\Program Files\Microsoft SQL Server\Client SDK\ODBC\170\Tools\Binn\;C:\Program Files (x86)\Microsoft SQL Server\150\Tools\Binn\;C:\Program Files\Microsoft SQL Server\150\Tools\Binn\;C:\Program Files\Microsoft SQL Server\150\DTS\Binn\;C:\Program Files (x86)\Microsoft SQL Server\150\DTS\Binn\;C:\Program Files\Azure Data Studio\bin;C:\Users\jonwa\AppData\Local\Programs\Python\Python39\Scripts\;C:\Users\jonwa\AppData\Local\Programs\Python\Python39\;C:\Users\jonwa\AppData\Local\Microsoft\WindowsApps;C:\Program Files (x86)\mingw-w64\i686-8.1.0-posix-dwarf-rt_v6-rev0\mingw32\bin;C:\Users\jonwa\AppData\Roaming\npm;C:\Program Files\Azure Data Studio\bin;C:\Program Files\Azure Data Studio\bin;C:\Users\jonwa\AppData\Local\Programs\Microsoft VS Code\bin;E:\softwares\Apps\sts-4.12.0.RELEASE;
USERNAME=jonwa
OS=Windows_NT
PROCESSOR_IDENTIFIER=Intel64 Family 6 Model 140 Stepping 1, GenuineIntel



---------------  S Y S T E M  ---------------

OS: Windows 10.0 , 64 bit Build 19041 (10.0.19041.662)

CPU:total 8 (initial active 8) (4 cores per cpu, 2 threads per core) family 6 model 140 stepping 1, cmov, cx8, fxsr, mmx, sse, sse2, sse3, ssse3, sse4.1, sse4.2, popcnt, avx, avx2, aes, clmul, erms, 3dnowpref, lzcnt, ht, tsc, tscinvbit, bmi1, bmi2, adx

Memory: 4k page, physical 16461424k(1223184k free), swap 36122776k(5120k free)

vm_info: Java HotSpot(TM) 64-Bit Server VM (25.291-b10) for windows-amd64 JRE (1.8.0_291-b10), built on Apr  9 2021 00:02:00 by "java_re" with MS VC++ 15.9 (VS2017)

time: Sat Feb 11 20:50:37 2023
timezone: India Standard Time
elapsed time: 1.452823 seconds (0d 0h 0m 1s)

